[ 2025-08-03 20:02:16,428 ] 32 root - INFO - Entered the data ingestion method.
[ 2025-08-03 20:02:16,428 ] 32 root - INFO - Entered the data ingestion method.
[ 2025-08-03 20:02:16,430 ] 38 root - INFO - Reading dataset from: notebook/data/stud.csv
[ 2025-08-03 20:02:16,430 ] 38 root - INFO - Reading dataset from: notebook/data/stud.csv
[ 2025-08-03 20:02:16,439 ] 42 root - INFO - Dataset read successfully with shape (1000, 8)
[ 2025-08-03 20:02:16,439 ] 42 root - INFO - Dataset read successfully with shape (1000, 8)
[ 2025-08-03 20:02:16,440 ] 47 root - INFO - Artifacts directory created.
[ 2025-08-03 20:02:16,440 ] 47 root - INFO - Artifacts directory created.
[ 2025-08-03 20:02:16,449 ] 51 root - INFO - Raw data saved at: artifacts\data.csv
[ 2025-08-03 20:02:16,449 ] 51 root - INFO - Raw data saved at: artifacts\data.csv
[ 2025-08-03 20:02:16,449 ] 55 root - INFO - Performing train-test split...
[ 2025-08-03 20:02:16,449 ] 55 root - INFO - Performing train-test split...
[ 2025-08-03 20:02:16,460 ] 62 root - INFO - Train and test datasets saved.
[ 2025-08-03 20:02:16,460 ] 62 root - INFO - Train and test datasets saved.
[ 2025-08-03 20:02:16,469 ] 93 root - INFO - ✅ Read train and test data completed
[ 2025-08-03 20:02:16,476 ] 71 root - INFO - Categorical columns: ['gender', 'race_ethnicity', 'parental_level_of_education', 'lunch', 'test_preparation_course']
[ 2025-08-03 20:02:16,476 ] 71 root - INFO - Categorical columns: ['gender', 'race_ethnicity', 'parental_level_of_education', 'lunch', 'test_preparation_course']
[ 2025-08-03 20:02:16,477 ] 72 root - INFO - Numerical columns: ['writing_score', 'reading_score']
[ 2025-08-03 20:02:16,477 ] 72 root - INFO - Numerical columns: ['writing_score', 'reading_score']
[ 2025-08-03 20:02:16,479 ] 113 root - INFO - 🔄 Applying preprocessing object on train & test data.
[ 2025-08-03 20:02:16,505 ] 130 root - INFO - 💾 Saving preprocessing object to artifacts\preprocessor.pkl
[ 2025-08-03 20:02:16,510 ] 51 root - INFO - 📊 Splitting training and test input data
[ 2025-08-03 20:02:16,514 ] 102 root - INFO - 🚀 Starting model evaluation with GridSearchCV...
